<?xml version="1.0" encoding="UTF-8"?>
<coverage generated="1653558652934" clover="3.2.0">
  <project timestamp="1653558652934" name="All files">
    <metrics statements="24" coveredstatements="16" conditionals="0" coveredconditionals="0" methods="7" coveredmethods="3" elements="31" coveredelements="19" complexity="0" loc="24" ncloc="24" packages="1" files="3" classes="3"/>
    <file name="api_helper.js" path="/home/yousef/Desktop/Microverse/module2/week5/TvMaze-Capstone/modules/api_helper.js">
      <metrics statements="4" coveredstatements="4" conditionals="0" coveredconditionals="0" methods="0" coveredmethods="0"/>
      <line num="1" count="1" type="stmt"/>
      <line num="3" count="1" type="stmt"/>
      <line num="4" count="1" type="stmt"/>
      <line num="6" count="1" type="stmt"/>
    </file>
    <file name="movie.js" path="/home/yousef/Desktop/Microverse/module2/week5/TvMaze-Capstone/modules/movie.js">
      <metrics statements="6" coveredstatements="6" conditionals="0" coveredconditionals="0" methods="1" coveredmethods="1"/>
      <line num="3" count="2" type="stmt"/>
      <line num="4" count="2" type="stmt"/>
      <line num="5" count="2" type="stmt"/>
      <line num="6" count="2" type="stmt"/>
      <line num="7" count="2" type="stmt"/>
      <line num="8" count="2" type="stmt"/>
    </file>
    <file name="movie_service.js" path="/home/yousef/Desktop/Microverse/module2/week5/TvMaze-Capstone/modules/movie_service.js">
      <metrics statements="14" coveredstatements="6" conditionals="0" coveredconditionals="0" methods="6" coveredmethods="2"/>
      <line num="5" count="1" type="stmt"/>
      <line num="7" count="1" type="stmt"/>
      <line num="9" count="1" type="stmt"/>
      <line num="10" count="0" type="stmt"/>
      <line num="11" count="0" type="stmt"/>
      <line num="13" count="0" type="stmt"/>
      <line num="14" count="0" type="stmt"/>
      <line num="17" count="1" type="stmt"/>
      <line num="18" count="0" type="stmt"/>
      <line num="19" count="0" type="stmt"/>
      <line num="21" count="0" type="stmt"/>
      <line num="22" count="0" type="stmt"/>
      <line num="25" count="1" type="stmt"/>
      <line num="27" count="1" type="stmt"/>
    </file>
  </project>
</coverage>
