{"C:\\Users\\pascal\\Desktop\\microverse\\week5\\TvMaze-Capstone\\modules\\api_helper.js": {"path":"C:\\Users\\pascal\\Desktop\\microverse\\week5\\TvMaze-Capstone\\modules\\api_helper.js","statementMap":{"0":{"start":{"line":1,"column":23},"end":{"line":1,"column":59}},"1":{"start":{"line":3,"column":25},"end":{"line":3,"column":36}},"2":{"start":{"line":4,"column":23},"end":{"line":4,"column":32}},"3":{"start":{"line":6,"column":27},"end":{"line":6,"column":100}}},"fnMap":{},"branchMap":{},"s":{"0":1,"1":1,"2":1,"3":1},"f":{},"b":{},"_coverageSchema":"1a1c01bbd47fc00a2c39e90264f33305004495a9","hash":"1a05da2e6457047e3b4fc1d458a8bf5a38895419"}
,"C:\\Users\\pascal\\Desktop\\microverse\\week5\\TvMaze-Capstone\\modules\\comentSize.js": {"path":"C:\\Users\\pascal\\Desktop\\microverse\\week5\\TvMaze-Capstone\\modules\\comentSize.js","statementMap":{"0":{"start":{"line":1,"column":20},"end":{"line":1,"column":39}},"1":{"start":{"line":1,"column":29},"end":{"line":1,"column":39}}},"fnMap":{"0":{"name":"(anonymous_0)","decl":{"start":{"line":1,"column":20},"end":{"line":1,"column":21}},"loc":{"start":{"line":1,"column":29},"end":{"line":1,"column":39}},"line":1}},"branchMap":{},"s":{"0":1,"1":0},"f":{"0":0},"b":{},"_coverageSchema":"1a1c01bbd47fc00a2c39e90264f33305004495a9","hash":"590b0dac349618b556ff172cbec8606078e56933"}
,"C:\\Users\\pascal\\Desktop\\microverse\\week5\\TvMaze-Capstone\\modules\\movie.js": {"path":"C:\\Users\\pascal\\Desktop\\microverse\\week5\\TvMaze-Capstone\\modules\\movie.js","statementMap":{"0":{"start":{"line":3,"column":4},"end":{"line":3,"column":23}},"1":{"start":{"line":4,"column":4},"end":{"line":4,"column":29}},"2":{"start":{"line":5,"column":4},"end":{"line":5,"column":35}},"3":{"start":{"line":6,"column":4},"end":{"line":6,"column":71}},"4":{"start":{"line":7,"column":4},"end":{"line":7,"column":35}},"5":{"start":{"line":8,"column":4},"end":{"line":8,"column":35}}},"fnMap":{"0":{"name":"(anonymous_0)","decl":{"start":{"line":2,"column":2},"end":{"line":2,"column":3}},"loc":{"start":{"line":2,"column":21},"end":{"line":9,"column":3}},"line":2}},"branchMap":{},"s":{"0":2,"1":2,"2":2,"3":2,"4":2,"5":2},"f":{"0":2},"b":{},"_coverageSchema":"1a1c01bbd47fc00a2c39e90264f33305004495a9","hash":"900446588b8feda35bda370d90bdc6bf7852d1fd"}
,"C:\\Users\\pascal\\Desktop\\microverse\\week5\\TvMaze-Capstone\\modules\\movie_service.js": {"path":"C:\\Users\\pascal\\Desktop\\microverse\\week5\\TvMaze-Capstone\\modules\\movie_service.js","statementMap":{"0":{"start":{"line":5,"column":25},"end":{"line":5,"column":27}},"1":{"start":{"line":7,"column":26},"end":{"line":7,"column":28}},"2":{"start":{"line":9,"column":28},"end":{"line":15,"column":3}},"3":{"start":{"line":10,"column":17},"end":{"line":10,"column":84}},"4":{"start":{"line":11,"column":4},"end":{"line":11,"column":33}},"5":{"start":{"line":13,"column":17},"end":{"line":13,"column":31}},"6":{"start":{"line":14,"column":4},"end":{"line":14,"column":63}},"7":{"start":{"line":14,"column":45},"end":{"line":14,"column":61}},"8":{"start":{"line":17,"column":23},"end":{"line":23,"column":3}},"9":{"start":{"line":18,"column":17},"end":{"line":18,"column":93}},"10":{"start":{"line":19,"column":4},"end":{"line":19,"column":33}},"11":{"start":{"line":21,"column":17},"end":{"line":21,"column":31}},"12":{"start":{"line":22,"column":4},"end":{"line":22,"column":64}},"13":{"start":{"line":22,"column":46},"end":{"line":22,"column":62}},"14":{"start":{"line":25,"column":25},"end":{"line":25,"column":57}},"15":{"start":{"line":25,"column":31},"end":{"line":25,"column":57}},"16":{"start":{"line":27,"column":28},"end":{"line":27,"column":59}},"17":{"start":{"line":27,"column":34},"end":{"line":27,"column":59}}},"fnMap":{"0":{"name":"(anonymous_0)","decl":{"start":{"line":9,"column":28},"end":{"line":9,"column":29}},"loc":{"start":{"line":9,"column":40},"end":{"line":15,"column":3}},"line":9},"1":{"name":"(anonymous_1)","decl":{"start":{"line":14,"column":34},"end":{"line":14,"column":35}},"loc":{"start":{"line":14,"column":45},"end":{"line":14,"column":61}},"line":14},"2":{"name":"(anonymous_2)","decl":{"start":{"line":17,"column":23},"end":{"line":17,"column":24}},"loc":{"start":{"line":17,"column":35},"end":{"line":23,"column":3}},"line":17},"3":{"name":"(anonymous_3)","decl":{"start":{"line":22,"column":35},"end":{"line":22,"column":36}},"loc":{"start":{"line":22,"column":46},"end":{"line":22,"column":62}},"line":22},"4":{"name":"(anonymous_4)","decl":{"start":{"line":25,"column":25},"end":{"line":25,"column":26}},"loc":{"start":{"line":25,"column":31},"end":{"line":25,"column":57}},"line":25},"5":{"name":"(anonymous_5)","decl":{"start":{"line":27,"column":28},"end":{"line":27,"column":29}},"loc":{"start":{"line":27,"column":34},"end":{"line":27,"column":59}},"line":27}},"branchMap":{},"s":{"0":1,"1":1,"2":1,"3":0,"4":0,"5":0,"6":0,"7":0,"8":1,"9":0,"10":0,"11":0,"12":0,"13":0,"14":1,"15":1,"16":1,"17":1},"f":{"0":0,"1":0,"2":0,"3":0,"4":1,"5":1},"b":{},"_coverageSchema":"1a1c01bbd47fc00a2c39e90264f33305004495a9","hash":"13dbfa2098ed735368182cf36c7fb6cfc4d74b2f"}
}
